[2026-02-19 13:27:05.479] [jointLog] [info] setting maxHashResizeThreads to 8
[2026-02-19 13:27:05.479] [jointLog] [info] Fragment incompatibility prior below threshold.  Incompatible fragments will be ignored.
[2026-02-19 13:27:05.479] [jointLog] [info] Usage of --validateMappings implies use of minScoreFraction. Since not explicitly specified, it is being set to 0.65
[2026-02-19 13:27:05.479] [jointLog] [info] Setting consensusSlack to selective-alignment default of 0.35.
[2026-02-19 13:27:05.479] [jointLog] [info] parsing read library format
[2026-02-19 13:27:05.479] [jointLog] [info] There is 1 library.
[2026-02-19 13:27:05.504] [jointLog] [info] Loading pufferfish index
[2026-02-19 13:27:05.509] [jointLog] [info] Loading dense pufferfish index.
[2026-02-19 13:27:05.714] [jointLog] [info] done
[2026-02-19 13:27:05.738] [jointLog] [info] Index contained 5,477 targets
[2026-02-19 13:27:05.739] [jointLog] [info] Number of decoys : 0
[2026-02-19 13:27:05.935] [jointLog] [info] Automatically detected most likely library type as U

[2026-02-19 13:27:20.604] [jointLog] [info] Computed 5,788 rich equivalence classes for further processing
[2026-02-19 13:27:20.604] [jointLog] [info] Counted 2,954,764 total reads in the equivalence classes 
[2026-02-19 13:27:20.607] [jointLog] [info] Number of mappings discarded because of alignment score : 47,748
[2026-02-19 13:27:20.607] [jointLog] [info] Number of fragments entirely discarded because of alignment score : 40,430
[2026-02-19 13:27:20.607] [jointLog] [info] Number of fragments discarded because they are best-mapped to decoys : 0
[2026-02-19 13:27:20.607] [jointLog] [info] Number of fragments discarded because they have only dovetail (discordant) mappings to valid targets : 0
[2026-02-19 13:27:20.607] [jointLog] [warning] Only 2954764 fragments were mapped, but the number of burn-in fragments was set to 5000000.
The effective lengths have been computed using the observed mappings.

[2026-02-19 13:27:20.607] [jointLog] [info] Mapping rate = 42.837%

[2026-02-19 13:27:20.607] [jointLog] [info] finished quantifyLibrary()
[2026-02-19 13:27:20.604] [fileLog] [info] 
At end of round 0
==================
Observed 6897699 total fragments (6897699 in most recent round)

[2026-02-19 13:27:20.747] [jointLog] [info] Starting optimizer
[2026-02-19 13:27:20.759] [jointLog] [info] Marked 0 weighted equivalence classes as degenerate
[2026-02-19 13:27:20.759] [jointLog] [info] iteration = 0 | max rel diff. = 3044.69
[2026-02-19 13:27:20.779] [jointLog] [info] iteration = 100 | max rel diff. = 0.0448319
[2026-02-19 13:27:20.800] [jointLog] [info] iteration = 200 | max rel diff. = 0.0151085
[2026-02-19 13:27:20.820] [jointLog] [info] iteration = 300 | max rel diff. = 0.250262
[2026-02-19 13:27:20.821] [jointLog] [info] iteration = 306 | max rel diff. = 0.00994812
[2026-02-19 13:27:20.821] [jointLog] [info] Finished optimizer
[2026-02-19 13:27:20.821] [jointLog] [info] writing output 

