[2026-02-19 13:27:05.462] [jointLog] [info] setting maxHashResizeThreads to 8
[2026-02-19 13:27:05.462] [jointLog] [info] Fragment incompatibility prior below threshold.  Incompatible fragments will be ignored.
[2026-02-19 13:27:05.462] [jointLog] [info] Usage of --validateMappings implies use of minScoreFraction. Since not explicitly specified, it is being set to 0.65
[2026-02-19 13:27:05.462] [jointLog] [info] Setting consensusSlack to selective-alignment default of 0.35.
[2026-02-19 13:27:05.462] [jointLog] [info] parsing read library format
[2026-02-19 13:27:05.463] [jointLog] [info] There is 1 library.
[2026-02-19 13:27:05.481] [jointLog] [info] Loading pufferfish index
[2026-02-19 13:27:05.490] [jointLog] [info] Loading dense pufferfish index.
[2026-02-19 13:27:05.756] [jointLog] [info] done
[2026-02-19 13:27:05.786] [jointLog] [info] Index contained 5,477 targets
[2026-02-19 13:27:05.786] [jointLog] [info] Number of decoys : 0
[2026-02-19 13:27:06.011] [jointLog] [info] Automatically detected most likely library type as U

[2026-02-19 13:27:17.098] [fileLog] [info] 
At end of round 0
==================
Observed 7528054 total fragments (7528054 in most recent round)

[2026-02-19 13:27:17.098] [jointLog] [info] Computed 5,817 rich equivalence classes for further processing
[2026-02-19 13:27:17.098] [jointLog] [info] Counted 3,144,745 total reads in the equivalence classes 
[2026-02-19 13:27:17.101] [jointLog] [info] Number of mappings discarded because of alignment score : 47,448
[2026-02-19 13:27:17.101] [jointLog] [info] Number of fragments entirely discarded because of alignment score : 40,569
[2026-02-19 13:27:17.101] [jointLog] [info] Number of fragments discarded because they are best-mapped to decoys : 0
[2026-02-19 13:27:17.101] [jointLog] [info] Number of fragments discarded because they have only dovetail (discordant) mappings to valid targets : 0
[2026-02-19 13:27:17.101] [jointLog] [warning] Only 3144745 fragments were mapped, but the number of burn-in fragments was set to 5000000.
The effective lengths have been computed using the observed mappings.

[2026-02-19 13:27:17.101] [jointLog] [info] Mapping rate = 41.7737%

[2026-02-19 13:27:17.101] [jointLog] [info] finished quantifyLibrary()
[2026-02-19 13:27:17.149] [jointLog] [info] Starting optimizer
[2026-02-19 13:27:17.162] [jointLog] [info] Marked 0 weighted equivalence classes as degenerate
[2026-02-19 13:27:17.162] [jointLog] [info] iteration = 0 | max rel diff. = 4303.55
[2026-02-19 13:27:17.182] [jointLog] [info] iteration = 100 | max rel diff. = 0.0393337
[2026-02-19 13:27:17.198] [jointLog] [info] iteration = 200 | max rel diff. = 0.0208297
[2026-02-19 13:27:17.212] [jointLog] [info] iteration = 300 | max rel diff. = 0.0478217
[2026-02-19 13:27:17.215] [jointLog] [info] iteration = 326 | max rel diff. = 0.00312744
[2026-02-19 13:27:17.215] [jointLog] [info] Finished optimizer
[2026-02-19 13:27:17.215] [jointLog] [info] writing output 

