Version Server Response: Not Found
### salmon (selective-alignment-based) v1.10.2
### [ program ] => salmon 
### [ command ] => quant 
### [ index ] => { salmon_index }
### [ libType ] => { A }
### [ unmatedReads ] => { /home/~/projects/def-heylanda/ehoover/BINF-6110-Assignment-2/raw-reads/IL30_mature-biofilm.fastq }
### [ threads ] => { 8 }
### [ validateMappings ] => { }
### [ output ] => { salmon_quant/S8 }
Logs will be written to salmon_quant/S8/logs
[2026-02-19 12:14:24.328] [jointLog] [info] setting maxHashResizeThreads to 8
[2026-02-19 12:14:24.328] [jointLog] [info] Fragment incompatibility prior below threshold.  Incompatible fragments will be ignored.
[2026-02-19 12:14:24.328] [jointLog] [info] Usage of --validateMappings implies use of minScoreFraction. Since not explicitly specified, it is being set to 0.65
[2026-02-19 12:14:24.329] [jointLog] [info] Setting consensusSlack to selective-alignment default of 0.35.
[2026-02-19 12:14:24.329] [jointLog] [info] parsing read library format
[2026-02-19 12:14:24.329] [jointLog] [info] There is 1 library.
[2026-02-19 12:14:24.345] [jointLog] [info] Loading pufferfish index
[2026-02-19 12:14:24.354] [jointLog] [info] Loading dense pufferfish index.
-----------------------------------------
| Loading contig table | Time = 16.434 ms
-----------------------------------------
size = 8019
-----------------------------------------
| Loading contig offsets | Time = 3.6331 ms
-----------------------------------------
-----------------------------------------
| Loading reference lengths | Time = 4.264 ms
-----------------------------------------
-----------------------------------------
| Loading mphf table | Time = 20.222 ms
-----------------------------------------
size = 8187961
Number of ones: 8018
Number of ones per inventory item: 512
Inventory entries filled: 16
-----------------------------------------
| Loading contig boundaries | Time = 31.305 ms
-----------------------------------------
size = 8187961
-----------------------------------------
| Loading sequence | Time = 22.8 ms
-----------------------------------------
size = 7947421
-----------------------------------------
| Loading positions | Time = 47.92 ms
-----------------------------------------
size = 8214821
-----------------------------------------
| Loading reference sequence | Time = 10.651 ms
-----------------------------------------
-----------------------------------------
| Loading reference accumulative lengths | Time = 7.4913 ms
-----------------------------------------
[2026-02-19 12:14:24.528] [jointLog] [info] done
Exception : [
The following errors were detected with the read files
======================================================
ERROR: file [/home/~/projects/def-heylanda/ehoover/BINF-6110-Assignment-2/raw-reads/IL30_mature-biofilm.fastq] does not appear to exist!

]
salmon quant was invoked improperly.
For usage information, try salmon quant --help
Exiting.
