Version Server Response: Not Found
### salmon (selective-alignment-based) v1.10.2
### [ program ] => salmon 
### [ command ] => quant 
### [ index ] => { salmon_index }
### [ libType ] => { A }
### [ unmatedReads ] => { //home/~/projects/def-heylanda/ehoover/BINF-6110-Assignment-2/raw-reads/IL21_early-biofilm.fastq }
### [ threads ] => { 8 }
### [ validateMappings ] => { }
### [ output ] => { salmon_quant/S2 }
Logs will be written to salmon_quant/S2/logs
[2026-02-19 12:20:42.727] [jointLog] [info] setting maxHashResizeThreads to 8
[2026-02-19 12:20:42.727] [jointLog] [info] Fragment incompatibility prior below threshold.  Incompatible fragments will be ignored.
[2026-02-19 12:20:42.727] [jointLog] [info] Usage of --validateMappings implies use of minScoreFraction. Since not explicitly specified, it is being set to 0.65
[2026-02-19 12:20:42.727] [jointLog] [info] Setting consensusSlack to selective-alignment default of 0.35.
[2026-02-19 12:20:42.727] [jointLog] [info] parsing read library format
[2026-02-19 12:20:42.728] [jointLog] [info] There is 1 library.
-----------------------------------------
| Loading contig table | Time = 7.1883 ms
-----------------------------------------
[2026-02-19 12:20:42.735] [jointLog] [info] Loading pufferfish index
[2026-02-19 12:20:42.739] [jointLog] [info] Loading dense pufferfish index.
size = 8019
-----------------------------------------
| Loading contig offsets | Time = 4.5789 ms
-----------------------------------------
-----------------------------------------
| Loading reference lengths | Time = 4.3873 ms
-----------------------------------------
-----------------------------------------
| Loading mphf table | Time = 17.572 ms
-----------------------------------------
size = 8187961
Number of ones: 8018
Number of ones per inventory item: 512
Inventory entries filled: 16
-----------------------------------------
| Loading contig boundaries | Time = 23.459 ms
-----------------------------------------
size = 8187961
-----------------------------------------
| Loading sequence | Time = 8.097 ms
-----------------------------------------
size = 7947421
-----------------------------------------
| Loading positions | Time = 39.929 ms
-----------------------------------------
size = 8214821
-----------------------------------------
| Loading reference sequence | Time = 9.9932 ms
-----------------------------------------
-----------------------------------------
| Loading reference accumulative lengths | Time = 2.7912 ms
-----------------------------------------
[2026-02-19 12:20:42.865] [jointLog] [info] done
Exception : [
The following errors were detected with the read files
======================================================
ERROR: file [//home/~/projects/def-heylanda/ehoover/BINF-6110-Assignment-2/raw-reads/IL21_early-biofilm.fastq] does not appear to exist!

]
salmon quant was invoked improperly.
For usage information, try salmon quant --help
Exiting.
