Version Server Response: Not Found
### salmon (selective-alignment-based) v1.10.2
### [ program ] => salmon 
### [ command ] => quant 
### [ index ] => { salmon_index }
### [ libType ] => { A }
### [ unmatedReads ] => { /home/projects/def-heylanda/ehoover/BINF-6110-Assignment-2/raw-reads/IL29_mature-biofilm.fastq }
### [ threads ] => { 8 }
### [ validateMappings ] => { }
### [ output ] => { salmon_quant/S7 }
Logs will be written to salmon_quant/S7/logs
[2026-02-19 12:04:57.021] [jointLog] [info] setting maxHashResizeThreads to 8
[2026-02-19 12:04:57.021] [jointLog] [info] Fragment incompatibility prior below threshold.  Incompatible fragments will be ignored.
[2026-02-19 12:04:57.021] [jointLog] [info] Usage of --validateMappings implies use of minScoreFraction. Since not explicitly specified, it is being set to 0.65
[2026-02-19 12:04:57.021] [jointLog] [info] Setting consensusSlack to selective-alignment default of 0.35.
[2026-02-19 12:04:57.021] [jointLog] [info] parsing read library format
[2026-02-19 12:04:57.021] [jointLog] [info] There is 1 library.
-----------------------------------------
| Loading contig table | Time = 1.2095 ms
-----------------------------------------
size = 8019
-----------------------------------------
| Loading contig offsets | Time = 1.6652 ms
-----------------------------------------
-----------------------------------------
| Loading reference lengths | Time = 3.4382 ms
-----------------------------------------
[2026-02-19 12:04:57.023] [jointLog] [info] Loading pufferfish index
[2026-02-19 12:04:57.024] [jointLog] [info] Loading dense pufferfish index.
-----------------------------------------
| Loading mphf table | Time = 19.16 ms
-----------------------------------------
size = 8187961
Number of ones: 8018
Number of ones per inventory item: 512
Inventory entries filled: 16
-----------------------------------------
| Loading contig boundaries | Time = 20.572 ms
-----------------------------------------
size = 8187961
-----------------------------------------
| Loading sequence | Time = 12.845 ms
-----------------------------------------
size = 7947421
-----------------------------------------
| Loading positions | Time = 76.392 ms
-----------------------------------------
size = 8214821
-----------------------------------------
| Loading reference sequence | Time = 12.668 ms
-----------------------------------------
-----------------------------------------
| Loading reference accumulative lengths | Time = 2.5781 ms
-----------------------------------------
[2026-02-19 12:04:57.185] [jointLog] [info] done
Exception : [
The following errors were detected with the read files
======================================================
ERROR: file [/home/projects/def-heylanda/ehoover/BINF-6110-Assignment-2/raw-reads/IL29_mature-biofilm.fastq] does not appear to exist!

]
salmon quant was invoked improperly.
For usage information, try salmon quant --help
Exiting.
