Version Server Response: Not Found
### salmon (selective-alignment-based) v1.10.2
### [ program ] => salmon 
### [ command ] => quant 
### [ index ] => { salmon_index }
### [ libType ] => { A }
### [ unmatedReads ] => { /home/projects/def-heylanda/ehoover/BINF-6110-Assignment-2/raw-reads/IL22_early-biofilm.fastq }
### [ threads ] => { 8 }
### [ validateMappings ] => { }
### [ output ] => { salmon_quant/S3 }
Logs will be written to salmon_quant/S3/logs
[2026-02-19 12:04:56.762] [jointLog] [info] setting maxHashResizeThreads to 8
[2026-02-19 12:04:56.762] [jointLog] [info] Fragment incompatibility prior below threshold.  Incompatible fragments will be ignored.
[2026-02-19 12:04:56.762] [jointLog] [info] Usage of --validateMappings implies use of minScoreFraction. Since not explicitly specified, it is being set to 0.65
[2026-02-19 12:04:56.763] [jointLog] [info] Setting consensusSlack to selective-alignment default of 0.35.
[2026-02-19 12:04:56.763] [jointLog] [info] parsing read library format
[2026-02-19 12:04:56.763] [jointLog] [info] There is 1 library.
[2026-02-19 12:04:56.773] [jointLog] [info] Loading pufferfish index
[2026-02-19 12:04:56.779] [jointLog] [info] Loading dense pufferfish index.
-----------------------------------------
| Loading contig table | Time = 9.3065 ms
-----------------------------------------
size = 8019
-----------------------------------------
| Loading contig offsets | Time = 6.8331 ms
-----------------------------------------
-----------------------------------------
| Loading reference lengths | Time = 3.9756 ms
-----------------------------------------
-----------------------------------------
| Loading mphf table | Time = 14.863 ms
-----------------------------------------
size = 8187961
Number of ones: 8018
Number of ones per inventory item: 512
Inventory entries filled: 16
-----------------------------------------
| Loading contig boundaries | Time = 28.082 ms
-----------------------------------------
size = 8187961
-----------------------------------------
| Loading sequence | Time = 17.976 ms
-----------------------------------------
size = 7947421
-----------------------------------------
| Loading positions | Time = 61.145 ms
-----------------------------------------
size = 8214821
-----------------------------------------
| Loading reference sequence | Time = 8.3382 ms
-----------------------------------------
-----------------------------------------
| Loading reference accumulative lengths | Time = 2.8868 ms
-----------------------------------------
[2026-02-19 12:04:56.943] [jointLog] [info] done
Exception : [
The following errors were detected with the read files
======================================================
ERROR: file [/home/projects/def-heylanda/ehoover/BINF-6110-Assignment-2/raw-reads/IL22_early-biofilm.fastq] does not appear to exist!

]
salmon quant was invoked improperly.
For usage information, try salmon quant --help
Exiting.
