Version Server Response: Not Found
### salmon (selective-alignment-based) v1.10.2
### [ program ] => salmon 
### [ command ] => quant 
### [ index ] => { salmon_index }
### [ libType ] => { A }
### [ unmatedReads ] => { //home/~/projects/def-heylanda/ehoover/BINF-6110-Assignment-2/raw-reads/IL23_thin-biofilm.fastq }
### [ threads ] => { 8 }
### [ validateMappings ] => { }
### [ output ] => { salmon_quant/S4 }
Logs will be written to salmon_quant/S4/logs
[2026-02-19 12:20:42.496] [jointLog] [info] setting maxHashResizeThreads to 8
[2026-02-19 12:20:42.496] [jointLog] [info] Fragment incompatibility prior below threshold.  Incompatible fragments will be ignored.
[2026-02-19 12:20:42.496] [jointLog] [info] Usage of --validateMappings implies use of minScoreFraction. Since not explicitly specified, it is being set to 0.65
[2026-02-19 12:20:42.497] [jointLog] [info] Setting consensusSlack to selective-alignment default of 0.35.
[2026-02-19 12:20:42.497] [jointLog] [info] parsing read library format
[2026-02-19 12:20:42.497] [jointLog] [info] There is 1 library.
-----------------------------------------
| Loading contig table | Time = 1.3504 ms
-----------------------------------------
size = 8019
-----------------------------------------
| Loading contig offsets | Time = 522.77 us
-----------------------------------------
-----------------------------------------
| Loading reference lengths | Time = 14.309 us
-----------------------------------------
-----------------------------------------
| Loading mphf table | Time = 3.8305 ms
-----------------------------------------
size = 8187961
Number of ones: 8018
Number of ones per inventory item: 512
Inventory entries filled: 16
[2026-02-19 12:20:42.501] [jointLog] [info] Loading pufferfish index
[2026-02-19 12:20:42.502] [jointLog] [info] Loading dense pufferfish index.
-----------------------------------------
| Loading contig boundaries | Time = 10.738 ms
-----------------------------------------
size = 8187961
-----------------------------------------
| Loading sequence | Time = 2.1003 ms
-----------------------------------------
size = 7947421
-----------------------------------------
| Loading positions | Time = 15.557 ms
-----------------------------------------
size = 8214821
-----------------------------------------
| Loading reference sequence | Time = 1.9928 ms
-----------------------------------------
-----------------------------------------
| Loading reference accumulative lengths | Time = 30.679 us
-----------------------------------------
[2026-02-19 12:20:42.541] [jointLog] [info] done
Exception : [
The following errors were detected with the read files
======================================================
ERROR: file [//home/~/projects/def-heylanda/ehoover/BINF-6110-Assignment-2/raw-reads/IL23_thin-biofilm.fastq] does not appear to exist!

]
salmon quant was invoked improperly.
For usage information, try salmon quant --help
Exiting.
