Version Server Response: Not Found
### salmon (selective-alignment-based) v1.10.2
### [ program ] => salmon 
### [ command ] => quant 
### [ index ] => { salmon_index }
### [ libType ] => { A }
### [ unmatedReads ] => { /home/projects/def-heylanda/ehoover/BINF-6110-Assignment-2/raw-reads/IL24_thin-biofilm.fastq }
### [ threads ] => { 8 }
### [ validateMappings ] => { }
### [ output ] => { salmon_quant/S5 }
Logs will be written to salmon_quant/S5/logs
[2026-02-19 12:04:56.897] [jointLog] [info] setting maxHashResizeThreads to 8
[2026-02-19 12:04:56.897] [jointLog] [info] Fragment incompatibility prior below threshold.  Incompatible fragments will be ignored.
[2026-02-19 12:04:56.897] [jointLog] [info] Usage of --validateMappings implies use of minScoreFraction. Since not explicitly specified, it is being set to 0.65
[2026-02-19 12:04:56.897] [jointLog] [info] Setting consensusSlack to selective-alignment default of 0.35.
[2026-02-19 12:04:56.897] [jointLog] [info] parsing read library format
[2026-02-19 12:04:56.897] [jointLog] [info] There is 1 library.
[2026-02-19 12:04:56.916] [jointLog] [info] Loading pufferfish index
[2026-02-19 12:04:56.924] [jointLog] [info] Loading dense pufferfish index.
-----------------------------------------
| Loading contig table | Time = 20.599 ms
-----------------------------------------
size = 8019
-----------------------------------------
| Loading contig offsets | Time = 9.1154 ms
-----------------------------------------
-----------------------------------------
| Loading reference lengths | Time = 4.7538 ms
-----------------------------------------
-----------------------------------------
| Loading mphf table | Time = 34.9 ms
-----------------------------------------
size = 8187961
Number of ones: 8018
Number of ones per inventory item: 512
Inventory entries filled: 16
-----------------------------------------
| Loading contig boundaries | Time = 23.173 ms
-----------------------------------------
size = 8187961
-----------------------------------------
| Loading sequence | Time = 16.895 ms
-----------------------------------------
size = 7947421
-----------------------------------------
| Loading positions | Time = 81.312 ms
-----------------------------------------
size = 8214821
-----------------------------------------
| Loading reference sequence | Time = 20.087 ms
-----------------------------------------
-----------------------------------------
| Loading reference accumulative lengths | Time = 9.043 ms
-----------------------------------------
Exception : [
The following errors were detected with the read files
======================================================
ERROR: file [/home/projects/def-heylanda/ehoover/BINF-6110-Assignment-2/raw-reads/IL24_thin-biofilm.fastq] does not appear to exist!

]
salmon quant was invoked improperly.
For usage information, try salmon quant --help
Exiting.
