Version Server Response: Not Found
### salmon (selective-alignment-based) v1.10.2
### [ program ] => salmon 
### [ command ] => quant 
### [ index ] => { salmon_index }
### [ libType ] => { A }
### [ unmatedReads ] => { /home/projects/def-heylanda/ehoover/BINF-6110-Assignment-2/raw-reads/IL20_early-biofilm.fastq }
### [ threads ] => { 8 }
### [ validateMappings ] => { }
### [ output ] => { salmon_quant/S1 }
Logs will be written to salmon_quant/S1/logs
[2026-02-19 12:04:57.000] [jointLog] [info] setting maxHashResizeThreads to 8
[2026-02-19 12:04:57.000] [jointLog] [info] Fragment incompatibility prior below threshold.  Incompatible fragments will be ignored.
[2026-02-19 12:04:57.000] [jointLog] [info] Usage of --validateMappings implies use of minScoreFraction. Since not explicitly specified, it is being set to 0.65
[2026-02-19 12:04:57.000] [jointLog] [info] Setting consensusSlack to selective-alignment default of 0.35.
[2026-02-19 12:04:57.000] [jointLog] [info] parsing read library format
[2026-02-19 12:04:57.001] [jointLog] [info] There is 1 library.
[2026-02-19 12:04:57.012] [jointLog] [info] Loading pufferfish index
[2026-02-19 12:04:57.016] [jointLog] [info] Loading dense pufferfish index.
-----------------------------------------
| Loading contig table | Time = 13.201 ms
-----------------------------------------
size = 8019
-----------------------------------------
| Loading contig offsets | Time = 8.0845 ms
-----------------------------------------
-----------------------------------------
| Loading reference lengths | Time = 3.81 ms
-----------------------------------------
-----------------------------------------
| Loading mphf table | Time = 42.189 ms
-----------------------------------------
size = 8187961
Number of ones: 8018
Number of ones per inventory item: 512
Inventory entries filled: 16
-----------------------------------------
| Loading contig boundaries | Time = 19.75 ms
-----------------------------------------
size = 8187961
-----------------------------------------
| Loading sequence | Time = 15.319 ms
-----------------------------------------
size = 7947421
-----------------------------------------
| Loading positions | Time = 65.452 ms
-----------------------------------------
size = 8214821
-----------------------------------------
| Loading reference sequence | Time = 12.408 ms
-----------------------------------------
-----------------------------------------
| Loading reference accumulative lengths | Time = 2.4334 ms
-----------------------------------------
[2026-02-19 12:04:57.216] [jointLog] [info] done
Exception : [
The following errors were detected with the read files
======================================================
ERROR: file [/home/projects/def-heylanda/ehoover/BINF-6110-Assignment-2/raw-reads/IL20_early-biofilm.fastq] does not appear to exist!

]
salmon quant was invoked improperly.
For usage information, try salmon quant --help
Exiting.
