Version Server Response: Not Found
### salmon (selective-alignment-based) v1.10.2
### [ program ] => salmon 
### [ command ] => quant 
### [ index ] => { salmon_index }
### [ libType ] => { A }
### [ unmatedReads ] => { //home/~/projects/def-heylanda/ehoover/BINF-6110-Assignment-2/raw-reads/IL29_mature-biofilm.fastq }
### [ threads ] => { 8 }
### [ validateMappings ] => { }
### [ output ] => { salmon_quant/S7 }
Logs will be written to salmon_quant/S7/logs
[2026-02-19 12:20:42.783] [jointLog] [info] setting maxHashResizeThreads to 8
[2026-02-19 12:20:42.783] [jointLog] [info] Fragment incompatibility prior below threshold.  Incompatible fragments will be ignored.
[2026-02-19 12:20:42.783] [jointLog] [info] Usage of --validateMappings implies use of minScoreFraction. Since not explicitly specified, it is being set to 0.65
[2026-02-19 12:20:42.783] [jointLog] [info] Setting consensusSlack to selective-alignment default of 0.35.
[2026-02-19 12:20:42.783] [jointLog] [info] parsing read library format
-----------------------------------------
| Loading contig table | Time = 6.6651 ms
-----------------------------------------
[2026-02-19 12:20:42.784] [jointLog] [info] There is 1 library.
[2026-02-19 12:20:42.790] [jointLog] [info] Loading pufferfish index
[2026-02-19 12:20:42.794] [jointLog] [info] Loading dense pufferfish index.
size = 8019
-----------------------------------------
| Loading contig offsets | Time = 2.9693 ms
-----------------------------------------
-----------------------------------------
| Loading reference lengths | Time = 3.1301 ms
-----------------------------------------
-----------------------------------------
| Loading mphf table | Time = 11.459 ms
-----------------------------------------
size = 8187961
Number of ones: 8018
Number of ones per inventory item: 512
Inventory entries filled: 16
-----------------------------------------
| Loading contig boundaries | Time = 20.579 ms
-----------------------------------------
size = 8187961
-----------------------------------------
| Loading sequence | Time = 10.699 ms
-----------------------------------------
size = 7947421
-----------------------------------------
| Loading positions | Time = 41.237 ms
-----------------------------------------
size = 8214821
-----------------------------------------
| Loading reference sequence | Time = 7.1207 ms
-----------------------------------------
-----------------------------------------
| Loading reference accumulative lengths | Time = 2.0693 ms
-----------------------------------------
[2026-02-19 12:20:42.910] [jointLog] [info] done
Exception : [
The following errors were detected with the read files
======================================================
ERROR: file [//home/~/projects/def-heylanda/ehoover/BINF-6110-Assignment-2/raw-reads/IL29_mature-biofilm.fastq] does not appear to exist!

]
salmon quant was invoked improperly.
For usage information, try salmon quant --help
Exiting.
