[2026-02-28 14:02:32.940] [jointLog] [info] setting maxHashResizeThreads to 8
[2026-02-28 14:02:32.940] [jointLog] [info] Fragment incompatibility prior below threshold.  Incompatible fragments will be ignored.
[2026-02-28 14:02:32.940] [jointLog] [info] Usage of --validateMappings implies use of minScoreFraction. Since not explicitly specified, it is being set to 0.65
[2026-02-28 14:02:32.940] [jointLog] [info] Setting consensusSlack to selective-alignment default of 0.35.
[2026-02-28 14:02:32.940] [jointLog] [info] parsing read library format
[2026-02-28 14:02:32.940] [jointLog] [info] There is 1 library.
[2026-02-28 14:02:32.940] [jointLog] [info] Loading pufferfish index
[2026-02-28 14:02:32.941] [jointLog] [info] Loading dense pufferfish index.
[2026-02-28 14:02:33.048] [jointLog] [info] done
[2026-02-28 14:02:33.073] [jointLog] [info] Index contained 6,681 targets
[2026-02-28 14:02:33.074] [jointLog] [info] Number of decoys : 0
[2026-02-28 14:02:33.141] [jointLog] [info] Automatically detected most likely library type as U

[2026-02-28 14:02:38.919] [fileLog] [info] 
At end of round 0
==================
Observed 8765210 total fragments (8765210 in most recent round)

[2026-02-28 14:02:38.919] [jointLog] [info] Computed 8,031 rich equivalence classes for further processing
[2026-02-28 14:02:38.919] [jointLog] [info] Counted 7,336,818 total reads in the equivalence classes 
[2026-02-28 14:02:38.923] [jointLog] [info] Number of mappings discarded because of alignment score : 545,257
[2026-02-28 14:02:38.923] [jointLog] [info] Number of fragments entirely discarded because of alignment score : 138,870
[2026-02-28 14:02:38.923] [jointLog] [info] Number of fragments discarded because they are best-mapped to decoys : 0
[2026-02-28 14:02:38.923] [jointLog] [info] Number of fragments discarded because they have only dovetail (discordant) mappings to valid targets : 0
[2026-02-28 14:02:38.923] [jointLog] [info] Mapping rate = 83.7038%

[2026-02-28 14:02:38.923] [jointLog] [info] finished quantifyLibrary()
[2026-02-28 14:02:38.927] [jointLog] [info] Starting optimizer
[2026-02-28 14:02:38.933] [jointLog] [info] Marked 0 weighted equivalence classes as degenerate
[2026-02-28 14:02:38.934] [jointLog] [info] iteration = 0 | max rel diff. = 77405.6
[2026-02-28 14:02:38.975] [jointLog] [info] iteration = 100 | max rel diff. = 6.19605
[2026-02-28 14:02:39.017] [jointLog] [info] iteration = 200 | max rel diff. = 0.101177
[2026-02-28 14:02:39.051] [jointLog] [info] iteration = 300 | max rel diff. = 0.116721
[2026-02-28 14:02:39.054] [jointLog] [info] iteration = 310 | max rel diff. = 0.00124577
[2026-02-28 14:02:39.054] [jointLog] [info] Finished optimizer
[2026-02-28 14:02:39.054] [jointLog] [info] writing output 

