[2026-02-28 14:02:32.933] [jointLog] [info] setting maxHashResizeThreads to 8
[2026-02-28 14:02:32.933] [jointLog] [info] Fragment incompatibility prior below threshold.  Incompatible fragments will be ignored.
[2026-02-28 14:02:32.933] [jointLog] [info] Usage of --validateMappings implies use of minScoreFraction. Since not explicitly specified, it is being set to 0.65
[2026-02-28 14:02:32.934] [jointLog] [info] Setting consensusSlack to selective-alignment default of 0.35.
[2026-02-28 14:02:32.934] [jointLog] [info] parsing read library format
[2026-02-28 14:02:32.934] [jointLog] [info] There is 1 library.
[2026-02-28 14:02:32.939] [jointLog] [info] Loading pufferfish index
[2026-02-28 14:02:32.941] [jointLog] [info] Loading dense pufferfish index.
[2026-02-28 14:02:33.048] [jointLog] [info] done
[2026-02-28 14:02:33.073] [jointLog] [info] Index contained 6,681 targets
[2026-02-28 14:02:33.074] [jointLog] [info] Number of decoys : 0
[2026-02-28 14:02:33.135] [jointLog] [info] Automatically detected most likely library type as U

[2026-02-28 14:02:39.042] [fileLog] [info] 
At end of round 0
==================
Observed 6912070 total fragments (6912070 in most recent round)

[2026-02-28 14:02:39.041] [jointLog] [info] Computed 8,009 rich equivalence classes for further processing
[2026-02-28 14:02:39.041] [jointLog] [info] Counted 5,691,873 total reads in the equivalence classes 
[2026-02-28 14:02:39.044] [jointLog] [info] Number of mappings discarded because of alignment score : 372,005
[2026-02-28 14:02:39.044] [jointLog] [info] Number of fragments entirely discarded because of alignment score : 106,735
[2026-02-28 14:02:39.044] [jointLog] [info] Number of fragments discarded because they are best-mapped to decoys : 0
[2026-02-28 14:02:39.044] [jointLog] [info] Number of fragments discarded because they have only dovetail (discordant) mappings to valid targets : 0
[2026-02-28 14:02:39.044] [jointLog] [info] Mapping rate = 82.3469%

[2026-02-28 14:02:39.044] [jointLog] [info] finished quantifyLibrary()
[2026-02-28 14:02:39.048] [jointLog] [info] Starting optimizer
[2026-02-28 14:02:39.054] [jointLog] [info] Marked 0 weighted equivalence classes as degenerate
[2026-02-28 14:02:39.055] [jointLog] [info] iteration = 0 | max rel diff. = 69288.8
[2026-02-28 14:02:39.088] [jointLog] [info] iteration = 100 | max rel diff. = 0.356497
[2026-02-28 14:02:39.120] [jointLog] [info] iteration = 200 | max rel diff. = 0.0380684
[2026-02-28 14:02:39.144] [jointLog] [info] iteration = 278 | max rel diff. = 0.00104954
[2026-02-28 14:02:39.144] [jointLog] [info] Finished optimizer
[2026-02-28 14:02:39.144] [jointLog] [info] writing output 

