[2026-02-19 11:26:11.414] [puff::index::jointLog] [info] Running fixFasta
[2026-02-19 11:26:11.592] [puff::index::jointLog] [warning] Removed 136 transcripts that were sequence duplicates of indexed transcripts.
[2026-02-19 11:26:11.592] [puff::index::jointLog] [warning] If you wish to retain duplicate transcripts, please use the `--keepDuplicates` flag
[2026-02-19 11:26:11.604] [puff::index::jointLog] [info] Replaced 1 non-ATCG nucleotides
[2026-02-19 11:26:11.604] [puff::index::jointLog] [info] Clipped poly-A tails from 0 transcripts
[2026-02-19 11:26:11.663] [puff::index::jointLog] [info] Filter size not provided; estimating from number of distinct k-mers
[2026-02-19 11:26:11.717] [puff::index::jointLog] [info] ntHll estimated 7923601 distinct k-mers, setting filter size to 2^28
[2026-02-19 11:26:13.733] [puff::index::jointLog] [info] Starting the Pufferfish indexing by reading the GFA binary file.
[2026-02-19 11:26:13.733] [puff::index::jointLog] [info] Setting the index/BinaryGfa directory salmon_index
[2026-02-19 11:26:13.744] [puff::index::jointLog] [info] Done wrapping the rank vector with a rank9sel structure.
[2026-02-19 11:26:13.744] [puff::index::jointLog] [info] contig count for validation: 8,018
[2026-02-19 11:26:13.747] [puff::index::jointLog] [info] Total # of Contigs : 8,018
[2026-02-19 11:26:13.747] [puff::index::jointLog] [info] Total # of numerical Contigs : 8,018
[2026-02-19 11:26:13.747] [puff::index::jointLog] [info] Total # of contig vec entries: 10,676
[2026-02-19 11:26:13.747] [puff::index::jointLog] [info] bits per offset entry 14
[2026-02-19 11:26:13.747] [puff::index::jointLog] [info] Done constructing the contig vector. 8019
[2026-02-19 11:26:13.761] [puff::index::jointLog] [info] # segments = 8,018
[2026-02-19 11:26:13.761] [puff::index::jointLog] [info] total length = 8,187,961
[2026-02-19 11:26:13.762] [puff::index::jointLog] [info] Reading the reference files ...
[2026-02-19 11:26:13.796] [puff::index::jointLog] [info] positional integer width = 23
[2026-02-19 11:26:13.796] [puff::index::jointLog] [info] seqSize = 8,187,961
[2026-02-19 11:26:13.796] [puff::index::jointLog] [info] rankSize = 8,187,961
[2026-02-19 11:26:13.796] [puff::index::jointLog] [info] edgeVecSize = 0
[2026-02-19 11:26:13.796] [puff::index::jointLog] [info] num keys = 7,947,421
[2026-02-19 11:26:14.842] [puff::index::jointLog] [info] mphf size = 4.9648 MB
[2026-02-19 11:26:14.852] [puff::index::jointLog] [info] chunk size = 4,093,981
[2026-02-19 11:26:14.852] [puff::index::jointLog] [info] chunk 0 = [0, 4,093,981)
[2026-02-19 11:26:14.852] [puff::index::jointLog] [info] chunk 1 = [4,093,981, 8,187,931)
[2026-02-19 11:26:15.174] [puff::index::jointLog] [info] finished populating pos vector
[2026-02-19 11:26:15.174] [puff::index::jointLog] [info] writing index components
[2026-02-19 11:26:15.253] [puff::index::jointLog] [info] finished writing dense pufferfish index
