[2026-02-28 13:53:16.824] [puff::index::jointLog] [info] Running fixFasta
[2026-02-28 13:53:17.230] [puff::index::jointLog] [warning] Removed 6124 transcripts that were sequence duplicates of indexed transcripts.
[2026-02-28 13:53:17.230] [puff::index::jointLog] [warning] If you wish to retain duplicate transcripts, please use the `--keepDuplicates` flag
[2026-02-28 13:53:17.236] [puff::index::jointLog] [info] Replaced 0 non-ATCG nucleotides
[2026-02-28 13:53:17.236] [puff::index::jointLog] [info] Clipped poly-A tails from 0 transcripts
[2026-02-28 13:53:17.276] [puff::index::jointLog] [info] Filter size not provided; estimating from number of distinct k-mers
[2026-02-28 13:53:17.347] [puff::index::jointLog] [info] ntHll estimated 8250568 distinct k-mers, setting filter size to 2^28
[2026-02-28 13:53:19.966] [puff::index::jointLog] [info] Starting the Pufferfish indexing by reading the GFA binary file.
[2026-02-28 13:53:19.966] [puff::index::jointLog] [info] Setting the index/BinaryGfa directory salmon_index
[2026-02-28 13:53:19.989] [puff::index::jointLog] [info] Done wrapping the rank vector with a rank9sel structure.
[2026-02-28 13:53:19.989] [puff::index::jointLog] [info] contig count for validation: 12,316
[2026-02-28 13:53:19.993] [puff::index::jointLog] [info] Total # of Contigs : 12,316
[2026-02-28 13:53:19.993] [puff::index::jointLog] [info] Total # of numerical Contigs : 12,316
[2026-02-28 13:53:19.993] [puff::index::jointLog] [info] Total # of contig vec entries: 55,636
[2026-02-28 13:53:19.993] [puff::index::jointLog] [info] bits per offset entry 16
[2026-02-28 13:53:19.993] [puff::index::jointLog] [info] Done constructing the contig vector. 12317
[2026-02-28 13:53:20.006] [puff::index::jointLog] [info] # segments = 12,316
[2026-02-28 13:53:20.006] [puff::index::jointLog] [info] total length = 8,659,230
[2026-02-28 13:53:20.007] [puff::index::jointLog] [info] Reading the reference files ...
[2026-02-28 13:53:20.046] [puff::index::jointLog] [info] positional integer width = 24
[2026-02-28 13:53:20.047] [puff::index::jointLog] [info] seqSize = 8,659,230
[2026-02-28 13:53:20.047] [puff::index::jointLog] [info] rankSize = 8,659,230
[2026-02-28 13:53:20.047] [puff::index::jointLog] [info] edgeVecSize = 0
[2026-02-28 13:53:20.047] [puff::index::jointLog] [info] num keys = 8,289,750
[2026-02-28 13:53:20.676] [puff::index::jointLog] [info] mphf size = 5.17861 MB
[2026-02-28 13:53:20.688] [puff::index::jointLog] [info] chunk size = 4,329,615
[2026-02-28 13:53:20.688] [puff::index::jointLog] [info] chunk 0 = [0, 4,329,615)
[2026-02-28 13:53:20.688] [puff::index::jointLog] [info] chunk 1 = [4,329,615, 8,659,200)
[2026-02-28 13:53:21.223] [puff::index::jointLog] [info] finished populating pos vector
[2026-02-28 13:53:21.223] [puff::index::jointLog] [info] writing index components
[2026-02-28 13:53:21.275] [puff::index::jointLog] [info] finished writing dense pufferfish index
